number,value,datetime_start,datetime_complete,duration,params_bagging_temperature,params_depth,params_l2_leaf_reg,params_learning_rate,params_random_strength,params_rsm,user_attrs_rounds,state
0,0.6231429957173812,2026-09-24 22:06:34.591867,2026-09-24 22:08:20.551096,0 days 00:01:45.959229,0.3119890406724053,8,29.10635913133069,0.021789307659775742,0.20513382630874505,0.19843966652221853,252,COMPLETE
1,0.6217779905490126,2026-09-24 22:08:20.552633,2026-09-24 22:10:26.880739,0 days 00:02:06.328106,1.9398197043239886,8,15.930522616241015,0.011283783077201558,0.10994335574766201,0.2552951604697377,378,COMPLETE
2,0.6319418632484609,2026-09-24 22:10:26.883841,2026-09-24 22:10:46.650893,0 days 00:00:19.767052,1.0495128632644757,4,2.310201887845293,0.0564638664293258,0.4059611610484306,0.07627364729026305,283,COMPLETE
3,0.6359999784838076,2026-09-24 22:10:46.651901,2026-09-24 22:11:13.156799,0 days 00:00:26.504898,0.7327236865873834,4,16.73808578875213,0.024551906485604635,0.3839629299804172,0.06893882309676884,503,COMPLETE
4,0.6271111015483589,2026-09-24 22:11:13.156799,2026-09-24 22:12:36.186719,0 days 00:01:23.029920,0.09290082543999545,7,2.5081156860452323,0.025815006344207546,1.5304852121831465,0.1633820882890881,511,COMPLETE
5,0.6348300893190932,2026-09-24 22:12:36.186719,2026-09-24 22:13:28.353911,0 days 00:00:52.167192,1.6167946962329223,4,1.3492834268013245,0.035372656148130316,8.536189862866832,0.44448339535094633,512,COMPLETE
6,0.6368077680626194,2026-09-24 22:13:28.354918,2026-09-24 22:14:29.200651,0 days 00:01:00.845733,0.9903538202225404,3,23.359635026261596,0.018840552955192824,0.17541893487450796,0.13775979824755383,601,COMPLETE
7,0.6312643900742219,2026-09-24 22:14:29.202222,2026-09-24 22:17:11.032837,0 days 00:02:41.830615,1.0401360423556216,8,3.2927591344236156,0.010741277311947182,0.420167205437253,0.22987528923660827,474,COMPLETE
8,0.6357858385801466,2026-09-24 22:17:11.034429,2026-09-24 22:18:14.982021,0 days 00:01:03.947592,1.7896547008552977,4,86.9299151113955,0.031169409812378812,7.56829206016762,0.2979221734836258,707,COMPLETE
9,0.6224291243178695,2026-09-24 22:18:14.982021,2026-09-24 22:19:53.800283,0 days 00:01:38.818262,0.6506606615265287,8,1.5030900645056817,0.0346702907787305,0.12315571723666023,0.07851504189403356,191,COMPLETE
10,0.6347154080142438,2026-09-24 22:19:53.800283,2026-09-24 22:21:34.522773,0 days 00:01:40.722490,1.3804941471382903,6,64.00184305752184,0.016675916082418828,1.5843183832227208,0.11112733405385801,715,COMPLETE
11,0.637118336368013,2026-09-24 22:21:34.522773,2026-09-24 22:22:16.628244,0 days 00:00:42.105471,0.64889870146411,3,9.303027172052618,0.01711799138132724,0.43206425695288925,0.05154027563399686,888,COMPLETE
12,0.6347901767824148,2026-09-24 22:22:16.629802,2026-09-24 22:22:56.553453,0 days 00:00:39.923651,0.640865298730657,3,5.836542052015801,0.017285276337431803,0.8234806276750739,0.05211763580330032,841,COMPLETE
13,0.6358375133019376,2026-09-24 22:22:56.553453,2026-09-24 22:24:03.583774,0 days 00:01:07.030321,1.3053624004499618,3,7.8465671536538375,0.015398186312546688,0.19971304022860692,0.11083163743563172,674,COMPLETE
14,0.6302958386787623,2026-09-24 22:24:03.583774,2026-09-24 22:25:00.492832,0 days 00:00:56.909058,0.3555759683758199,5,34.98317056382216,0.049787101843465645,1.0676916501410127,0.1100954301466718,364,COMPLETE
15,0.6351926550891622,2026-09-24 22:25:00.492832,2026-09-24 22:25:35.781063,0 days 00:00:35.288231,0.8737301075047745,3,13.58661414627606,0.0798940085498204,3.94447981646762,0.37349232109844316,236,COMPLETE
16,0.6355392271563036,2026-09-24 22:25:35.781063,2026-09-24 22:26:39.824165,0 days 00:01:04.043102,1.302455862084598,5,34.50546939331565,0.013875699707276213,0.23568162227526832,0.050324590717114835,635,COMPLETE
17,0.6360812200398229,2026-09-24 22:26:39.824165,2026-09-24 22:27:35.995214,0 days 00:00:56.171049,0.42336783349017953,3,5.096944913493156,0.019875243709456362,0.6883895362744734,0.13719110805414872,851,COMPLETE
18,0.6358537042366279,2026-09-24 22:27:35.995214,2026-09-24 22:28:58.476672,0 days 00:01:22.481458,0.877180828115393,6,10.531646855628304,0.013044783250722534,0.5025134189355487,0.15718622949759645,620,COMPLETE
19,0.635689481899055,2026-09-24 22:28:58.476672,2026-09-24 22:29:32.606432,0 days 00:00:34.129760,0.08469273051950144,5,22.24045840443766,0.019447945031504314,0.24135749300245413,0.09027661186009121,469,COMPLETE
20,0.6370761287708248,2026-09-24 22:29:32.606432,2026-09-24 22:29:54.410494,0 days 00:00:21.804062,0.4802316523871457,3,50.29500187370122,0.044872651720901977,0.15735914962698577,0.06220238115680851,432,COMPLETE
21,0.6338157980848795,2026-09-24 22:29:54.410494,2026-09-24 22:30:12.887992,0 days 00:00:18.477498,0.49769351290688363,3,50.370510985163484,0.044636857352336384,0.14987747423352057,0.06285887411677911,325,COMPLETE
22,0.6372431661435543,2026-09-24 22:30:12.887992,2026-09-24 22:30:30.388904,0 days 00:00:17.500912,0.9009065048647944,4,50.05069385076161,0.06900965861283849,0.30867472356706827,0.05984035344031522,209,COMPLETE
23,0.6355749798958079,2026-09-24 22:30:30.388904,2026-09-24 22:30:45.373510,0 days 00:00:14.984606,0.7276914613017508,4,90.93196373851886,0.07673433920746602,0.2993838208531334,0.06044929693435937,110,COMPLETE
24,0.6359465824666343,2026-09-24 22:30:45.373510,2026-09-24 22:31:16.077330,0 days 00:00:30.703820,0.20915299672743154,4,46.801353353756916,0.06390267929763797,0.2998935616250996,0.08780879502243673,240,COMPLETE
25,0.6368510514694216,2026-09-24 22:31:16.077977,2026-09-24 22:31:54.654486,0 days 00:00:38.576509,0.48015698574747456,3,7.955344074031551,0.044074190109437056,0.6431873710461322,0.05869804903071079,434,COMPLETE
26,0.6269288952600726,2026-09-24 22:31:54.654486,2026-09-24 22:32:31.087324,0 days 00:00:36.432838,1.1940893500788798,5,59.61477204457401,0.06574029078039254,0.13522184313720526,0.05002427305199001,173,COMPLETE
27,0.6337027304944511,2026-09-24 22:32:31.088328,2026-09-24 22:33:18.656071,0 days 00:00:47.567743,0.5680247279063059,4,11.54368654855263,0.039370422385641826,1.1689404760889361,0.0930239074382468,430,COMPLETE
28,0.631306974204775,2026-09-24 22:33:18.656071,2026-09-24 22:33:44.612062,0 days 00:00:25.955991,0.8171454072591661,3,4.82503494706484,0.0554562984308811,0.5221298701815951,0.0727047538190132,233,COMPLETE
29,0.6355838553251231,2026-09-24 22:33:44.613070,2026-09-24 22:34:09.695584,0 days 00:00:25.082514,0.24515836184424877,4,33.14381930516899,0.028524005851659855,0.28946181202276916,0.0621439809005614,389,COMPLETE
