number,value,datetime_start,datetime_complete,duration,params_colsample_bynode,params_colsample_bytree,params_gamma,params_learning_rate,params_max_depth,params_min_child_weight,params_reg_alpha,params_reg_lambda,params_scale_pos_weight,params_subsample,user_attrs_rounds,state
0,0.5964118880548376,2026-09-24 22:06:34.317555,2026-09-24 22:07:18.393153,0 days 00:00:44.075598,0.40919616423534183,0.04653207671935936,0.006358358856676255,0.009781801964118503,7,29.10635913133069,2.9154431891537547,0.14936568554617632,4.8,0.7993292420985183,220.0,COMPLETE
1,0.6240007566527619,2026-09-24 22:07:18.393153,2026-09-24 22:07:36.357603,0 days 00:00:17.964450,0.6673295021425665,0.0706088696112545,0.006847920095574782,0.022219602542548865,3,2.310201887845293,0.014618962793704957,1.976218934028007,4.8,0.5917022549267169,350.0,COMPLETE
2,0.6160773471252126,2026-09-24 22:07:36.357603,2026-09-24 22:09:16.411848,0 days 00:01:40.054245,0.3325152889039984,0.15884086920668206,0.00015673095467235422,0.011320391141177713,6,2.5081156860452323,0.004809461967501573,6.647135865318027,2.0,0.7571172192068059,224.0,COMPLETE
3,0.6410325979278113,2026-09-24 22:09:16.411848,2026-09-24 22:11:52.770334,0 days 00:02:36.358486,0.6466238370778892,0.04228959435391995,0.0005975027999960298,0.008629896550328052,2,23.359635026261596,4.337920697490942,0.12681352169084595,1.0,0.7200762468698007,1748.0,COMPLETE
4,0.6324054296111218,2026-09-24 22:11:52.771844,2026-09-24 22:13:19.931650,0 days 00:01:27.159806,0.9263791452993542,0.4217420082579902,0.00018427970406864567,0.013316598070397062,3,86.9299151113955,4.869640941520899,6.218704727769076,4.8,0.8875664116805573,350.0,COMPLETE
5,0.6282453993450112,2026-09-24 22:13:19.931650,2026-09-24 22:15:29.583598,0 days 00:02:09.651948,0.6798872582107739,0.06612729138639734,0.00016736010167825804,0.010032743828330231,3,45.44383960336016,1.6172900811143154,0.2647114182821816,1.0,0.6783766633467947,845.0,COMPLETE
6,0.630794350923717,2026-09-24 22:15:29.584601,2026-09-24 22:16:02.788097,0 days 00:00:33.203496,0.35183125621386324,0.2627223156987825,0.038842777547031436,0.005049717080631209,6,25.92475660475159,0.0029072088906598446,1.1895896737553546,1.0,0.8645035840204937,472.0,COMPLETE
7,0.6266461007728796,2026-09-24 22:16:02.788097,2026-09-24 22:16:25.397402,0 days 00:00:22.609305,0.6305504476133645,0.3640499995746933,0.019158219548093176,0.008728935548596712,3,28.788057183089233,0.7128188058401367,0.22844556850020528,2.0,0.8187787356776066,542.0,COMPLETE
8,0.6262056643169193,2026-09-24 22:16:25.397905,2026-09-24 22:16:57.445294,0 days 00:00:32.047389,0.7454872878846462,0.03277351073267418,0.052807963768953664,0.012756607968099168,4,1.1241862095793058,0.1082138291061399,0.8771380343280561,4.8,0.5539457134966522,720.0,COMPLETE
9,0.6435986369492191,2026-09-24 22:16:57.445950,2026-09-24 22:17:41.081788,0 days 00:00:43.635838,0.8656842656950918,0.41027132950906275,0.025764174425233172,0.007533721870390657,2,3.7975447986784157,3.06085221067225,7.947147424653743,2.0,0.5806106436270022,1370.0,COMPLETE
10,0.6364558528077287,2026-09-24 22:17:41.081788,2026-09-24 22:18:47.724447,0 days 00:01:06.642659,0.9353653566977626,0.1816404591773294,0.0015305170612332094,0.005241595951812712,5,7.243598948404965,0.30827754804317464,69.33047871755103,2.0,0.9661451709558936,651.0,COMPLETE
11,0.6298193088102533,2026-09-24 22:18:47.724447,2026-09-24 22:20:58.654255,0 days 00:02:10.929808,0.8072404722454305,0.0872046005979213,0.001134724229748108,0.006783868238952367,2,9.152852407752354,9.82361537175095,30.15790123257124,1.0,0.6501241697758059,1804.0,COMPLETE
12,0.6428625500811788,2026-09-24 22:20:58.654255,2026-09-24 22:22:10.936269,0 days 00:01:12.282014,0.515713261415557,0.13691637980889831,0.0006959912551847211,0.0073304923274273084,2,6.005285676273533,0.37947060877944977,15.757154910977983,1.0,0.6766980691634803,1608.0,COMPLETE
13,0.6208232633070925,2026-09-24 22:22:10.936269,2026-09-24 22:22:39.290151,0 days 00:00:28.353882,0.5039515213818229,0.2299246346579407,0.010775673693749821,0.006984671823535397,2,4.822334832187469,0.04405362407322617,15.470504932079145,2.0,0.5164987409806399,870.0,COMPLETE
14,0.6369901715826684,2026-09-24 22:22:39.290151,2026-09-24 22:23:14.597291,0 days 00:00:35.307140,0.569464371284118,0.11329930687167526,0.0005323699295682334,0.02014407181437847,4,4.079995136214132,0.3358189331662628,13.67646636349616,1.0,0.6225704368964609,344.0,COMPLETE
15,0.6427567979961253,2026-09-24 22:23:14.597291,2026-09-24 22:24:57.384804,0 days 00:01:42.787513,0.8371413109450141,0.47408258163587724,0.002785923010776107,0.006763424545887149,2,13.676889828758977,0.9894500554772626,85.09431914344957,2.0,0.6805046864448485,1430.0,COMPLETE
16,0.6359713619480761,2026-09-24 22:24:57.384804,2026-09-24 22:25:22.980593,0 days 00:00:25.595789,0.4605413867633854,0.3249059160738689,0.08614337561677926,0.016230370901859092,4,1.0625721497327496,0.10714380281379006,4.443029175764506,2.0,0.504267540874772,251.0,COMPLETE
17,0.6294771117022087,2026-09-24 22:25:22.980593,2026-09-24 22:26:03.427504,0 days 00:00:40.446911,0.5496927787956497,0.12824591629116258,0.024223090388536293,0.028464441472088847,5,2.308171207203405,0.3462691777359461,26.94247919153161,1.0,0.5847139001411289,228.0,COMPLETE
18,0.6415799698594007,2026-09-24 22:26:03.428008,2026-09-24 22:27:05.325606,0 days 00:01:01.897598,0.9749958175549949,0.23878853817072243,0.0005018985950696091,0.0075660852049620995,2,5.146244286257975,0.020915606352651574,13.491798144395979,1.0,0.7219268074477946,1080.0,COMPLETE
19,0.6417590562998066,2026-09-24 22:27:05.325606,2026-09-24 22:28:03.400960,0 days 00:00:58.075354,0.8624282940453756,0.1681386993948638,0.002773519801918103,0.005826566881548559,3,12.668026771144435,0.0011129709953152695,2.057415171650492,2.0,0.6253080437868973,964.0,COMPLETE
20,0.6404720831887715,2026-09-24 22:28:03.402473,2026-09-24 22:28:54.432320,0 days 00:00:51.029847,0.7696063908222897,0.1018841746013051,0.0012722360561161206,0.008216452614740894,2,3.278731981207331,1.9373646850236117,32.40831603695632,1.0,0.5678209887925194,1443.0,COMPLETE
21,0.633573991943979,2026-09-24 22:28:54.432320,2026-09-24 22:29:29.658630,0 days 00:00:35.226310,0.8766842931627072,0.4733020552409539,0.0035007459764521596,0.0063082519106689335,2,14.292699945455196,0.9285827168873444,81.49658576652688,2.0,0.6809298319734398,1283.0,COMPLETE
22,0.6418717114965496,2026-09-24 22:29:29.659637,2026-09-24 22:30:11.194420,0 days 00:00:41.534783,0.8376976927809617,0.30531233498338617,0.0029191609002475194,0.0059984710133516505,3,6.656531132710146,0.6956342083250389,80.72944063363465,2.0,0.6736701896523487,1297.0,COMPLETE
23,0.6440795597069853,2026-09-24 22:30:11.194420,2026-09-24 22:30:53.096985,0 days 00:00:41.902565,0.7354343393891702,0.4883298159544897,0.0003374907749125169,0.007446862343713615,2,16.24605655297528,0.18900113740573377,50.91512278480694,2.0,0.7540413767655317,1509.0,COMPLETE
24,0.6422368771398526,2026-09-24 22:30:53.097531,2026-09-24 22:32:05.130622,0 days 00:01:12.033091,0.7204436044146793,0.391813760832258,0.00025100631313382303,0.007767483775097316,2,7.975730001042811,0.18844104418880583,8.90959680269284,2.0,0.7641462582498862,1129.0,COMPLETE
25,0.6441380837499854,2026-09-24 22:32:05.130622,2026-09-24 22:32:57.646624,0 days 00:00:52.516002,0.5884444955418972,0.20521815765184526,0.00031223286214431255,0.010194297280364771,3,1.5870332333353563,0.04782806005793522,41.37211166267104,2.0,0.7252526973603086,727.0,COMPLETE
26,0.6411535727189027,2026-09-24 22:32:57.646624,2026-09-24 22:33:46.699553,0 days 00:00:49.052929,0.5965822866685492,0.20613109982775357,0.00026027555628188424,0.010780721181511039,3,1.5770553026313494,0.031105641204112803,46.9730568849985,2.0,0.8112271899455037,569.0,COMPLETE
27,0.6330459128648004,2026-09-24 22:33:46.699553,2026-09-24 22:34:08.264502,0 days 00:00:21.564949,0.7133676804670773,0.28685297232987594,0.00010741014847253092,0.009384251372202104,4,1.4422851584410503,0.06559741713759619,42.33923383033818,2.0,0.865300137228951,367.0,COMPLETE
28,0.6279761062684737,2026-09-24 22:34:08.264502,2026-09-24 22:34:28.555260,0 days 00:00:20.290758,0.7747532022807108,0.34269587368032706,0.00036552048982655284,0.014706784026611307,3,3.4519527822693736,0.00742823338242703,24.216450527085637,2.0,0.9358593608594791,346.0,COMPLETE
29,0.631424076081256,2026-09-24 22:34:28.556853,2026-09-24 22:35:10.468408,0 days 00:00:41.911555,0.9989476812845945,0.49759133184481635,0.011521531438058435,0.010066544927589856,4,18.07397964345869,0.015594834043458027,49.566154983140365,4.8,0.7292296657890549,389.0,COMPLETE
30,0.6200590081573265,2026-09-24 22:35:10.468408,2026-09-24 22:35:35.681309,0 days 00:00:25.212901,0.919406639810051,0.19980499127098206,0.000103210205675279,0.011654465607160608,7,1.7439439023446914,0.1462667715410911,10.053932862533117,2.0,0.7828213279455148,,PRUNED
31,0.6410707174484666,2026-09-24 22:35:35.681309,2026-09-24 22:36:57.993228,0 days 00:01:22.311919,0.4870391102945865,0.133234439847023,0.0008116894786226983,0.007570380768367099,2,5.918050717136216,0.044103789804357564,19.40068473307085,2.0,0.7114181723149565,1497.0,COMPLETE
32,0.6385900439199276,2026-09-24 22:36:57.993228,2026-09-24 22:37:51.546746,0 days 00:00:53.553518,0.39476193326622444,0.14614120879237738,0.0003455052140744414,0.00900001039991722,2,2.6631815565478547,0.213663391439755,3.461901399855536,4.8,0.6163251081546904,1338.0,COMPLETE
33,0.6381574070836684,2026-09-24 22:37:51.546746,2026-09-24 22:38:29.544852,0 days 00:00:37.998106,0.5229403427322246,0.07307089706170174,0.0019057840467858688,0.007226789529757003,3,11.61978142048666,0.06850030651341159,9.511642000013229,2.0,0.5350966560495583,1080.0,COMPLETE
34,0.6317439322096502,2026-09-24 22:38:29.544852,2026-09-24 22:39:28.110080,0 days 00:00:58.565228,0.437028080277044,0.3999544230650642,0.006270654838154587,0.00576231603455031,2,18.794403486357762,0.5504015637933914,18.82807971439666,1.0,0.7839778391003962,1171.0,COMPLETE
35,0.6414434137590672,2026-09-24 22:39:28.110080,2026-09-24 22:39:50.222747,0 days 00:00:22.112667,0.5947506475094088,0.2573517424392545,0.0007483612266964729,0.010745352418218085,3,9.803643855919882,3.254340522486726,5.591257841777446,2.0,0.747789246840423,625.0,COMPLETE
36,0.6288521380371317,2026-09-24 22:39:50.222747,2026-09-24 22:40:21.397252,0 days 00:00:31.174505,0.6740787476365773,0.09855239555919945,0.0008899660587533834,0.008312118523932958,2,42.233532266373714,7.850117757877646,48.91053584374515,4.8,0.6490659073599293,1263.0,COMPLETE
37,0.6387457315012296,2026-09-24 22:40:21.397756,2026-09-24 22:40:38.116743,0 days 00:00:16.718987,0.6389637815527968,0.2100936015747726,0.00039296863698876463,0.009728058999739296,3,2.0823880585024424,0.46531527566013475,2.6603359092758376,1.0,0.8388283289718435,538.0,COMPLETE
38,0.6411108092867472,2026-09-24 22:40:38.116743,2026-09-24 22:40:47.658468,0 days 00:00:09.541725,0.3815365527572498,0.05344886279697759,0.00022931060192675178,0.0063295922620474985,2,3.8202937791383946,1.4485692400413837,7.395470087651047,2.0,0.7100060942208976,,PRUNED
39,0.6431363615580951,2026-09-24 22:40:47.658468,2026-09-24 22:41:13.396479,0 days 00:00:25.738011,0.6937135290577988,0.14809382474094868,0.00015846162334429874,0.008547204547812737,2,44.04963829300795,0.007956347636070431,0.6883390885680756,1.0,0.6518066740328436,1184.0,COMPLETE
40,0.6351136010126954,2026-09-24 22:41:13.396479,2026-09-24 22:41:32.016784,0 days 00:00:18.620305,0.7043484099955762,0.2764701109637244,0.00016386458936843622,0.014070390588428404,6,82.89905703324098,0.003832523883141662,1.2332522794479672,2.0,0.59431390444734,273.0,COMPLETE
41,0.6409415127138284,2026-09-24 22:41:32.016784,2026-09-24 22:42:00.998590,0 days 00:00:28.981806,0.6221279706226684,0.1488979303577909,0.00014673554972648568,0.008027135437852963,2,38.57130329612269,0.0061459931125927274,0.4270621483360962,1.0,0.6556293742041261,1400.0,COMPLETE
42,0.6447120998996807,2026-09-24 22:42:00.998590,2026-09-24 22:42:23.798707,0 days 00:00:22.800117,0.5338907528909055,0.17874934464757225,0.0003187124194807891,0.008942030320974462,3,63.54362099848529,0.0016033916781709738,0.10735891802886201,1.0,0.7449762061168369,802.0,COMPLETE
43,0.6445740376658876,2026-09-24 22:42:23.798707,2026-09-24 22:42:51.574141,0 days 00:00:27.775434,0.6677438867534616,0.166896559714805,0.00028164894790358533,0.008951330405143166,3,63.143707502551,0.0021021015009706464,0.11284622488564956,1.0,0.7643936722717416,870.0,COMPLETE
44,0.6440111202853764,2026-09-24 22:42:51.574141,2026-09-24 22:43:10.893921,0 days 00:00:19.319780,0.5586503896041847,0.1766850851910009,0.0003646811795166651,0.011779602458456566,3,64.44528897751208,0.002005267340701865,0.10894463386034782,1.0,0.7453710512852286,664.0,COMPLETE
45,0.6436491103502746,2026-09-24 22:43:10.894424,2026-09-24 22:43:29.544610,0 days 00:00:18.650186,0.6002456328185427,0.18121781759677552,0.00043100199853927284,0.01235155706667148,3,63.64337970288717,0.0019304210774719953,0.12494938749920806,1.0,0.7492753947396144,625.0,COMPLETE
46,0.6407612787431676,2026-09-24 22:43:29.544610,2026-09-24 22:43:48.641338,0 days 00:00:19.096728,0.656584884483859,0.11564351005920938,0.0002837477853760634,0.011431973177453253,4,64.70137377070016,0.0011456375450394321,0.1933105375782257,1.0,0.7695917542175289,496.0,COMPLETE
47,0.6386999916624755,2026-09-24 22:43:48.641861,2026-09-24 22:44:06.842259,0 days 00:00:18.200398,0.5505776406155625,0.17018136593377026,0.00020285392334354368,0.016590345309352474,5,33.639812639874464,0.002087782313826333,0.16761434129761846,1.0,0.7965087539214857,261.0,COMPLETE
48,0.6362022127610745,2026-09-24 22:44:06.842259,2026-09-24 22:44:27.450353,0 days 00:00:20.608094,0.5673958862126863,0.2351518481089923,0.0005162530746946732,0.010549164745214668,4,62.812604394457935,0.0022349123428616986,0.31885320082976704,1.0,0.8332358341709247,453.0,COMPLETE
49,0.6134259426109361,2026-09-24 22:44:27.450353,2026-09-24 22:44:57.409359,0 days 00:00:29.959006,0.47748953139958655,0.08469611523714353,0.0006195739174599771,0.00925948206384912,3,97.3380457212193,0.011513856851421601,0.10182104289768353,1.0,0.7387316593823869,972.0,COMPLETE
50,0.6375805938289768,2026-09-24 22:44:57.409359,2026-09-24 22:45:14.959890,0 days 00:00:17.550531,0.7497206426536653,0.19562637562660246,0.0003266802805731866,0.013665404740183887,3,50.164831609793836,0.0030756381757137156,0.31625455880024606,1.0,0.7051732177394007,399.0,COMPLETE
51,0.6413524181958853,2026-09-24 22:45:14.959890,2026-09-24 22:45:35.234838,0 days 00:00:20.274948,0.6051229913216727,0.170496185098223,0.0004601892643800675,0.012119479890102038,3,60.52045220636409,0.0016608660459366098,0.11450302084749359,1.0,0.7500551759104158,536.0,COMPLETE
52,0.6408171491224532,2026-09-24 22:45:35.234838,2026-09-24 22:45:55.820964,0 days 00:00:20.586126,0.5385845183245465,0.1862562180141935,0.0009924271878151178,0.01313461199458617,3,77.935104369802,0.004448921848076133,0.14706189452485222,1.0,0.6963969223973603,563.0,COMPLETE
53,0.6429827897357004,2026-09-24 22:45:55.822575,2026-09-24 22:46:16.063876,0 days 00:00:20.241301,0.5842897326759902,0.21225573127987477,0.00040916506439221754,0.010072203290253056,4,53.332668548688865,0.001569061072429505,0.25332845929412046,1.0,0.7784279433818828,525.0,COMPLETE
54,0.6406089799621495,2026-09-24 22:46:16.064880,2026-09-24 22:46:35.222887,0 days 00:00:19.158007,0.6227797148119381,0.1624974525085686,0.00012586420987040952,0.011800152663484779,3,30.474570461858843,0.0029256960783407416,0.1365738570835448,1.0,0.734942717176906,616.0,COMPLETE
